<?xml version="1.0" encoding="UTF-8"?>
<!-- Generated by org.testng.reporters.JUnitXMLReporter -->
<testsuite ignored="0" hostname="DESKTOP-RE3TD97" failures="0" tests="5" name="Hybrid Framework" time="0.081" errors="0" timestamp="2019-09-24T14:10:00 EDT">
  <testcase classname="com.Testcases.SignUpPageTest" name="@BeforeMethod SetUp" time="0.007">
    <failure type="java.lang.NullPointerException">
      <![CDATA[java.lang.NullPointerException
at BaseClass.ParentClass.initalization(ParentClass.java:55)
at com.Testcases.SignUpPageTest.SetUp(SignUpPageTest.java:29)
at java.base/java.util.concurrent.ThreadPoolExecutor.runWorker(ThreadPoolExecutor.java:1128)
at java.base/java.util.concurrent.ThreadPoolExecutor$Worker.run(ThreadPoolExecutor.java:628)
at java.base/java.lang.Thread.run(Thread.java:835)
... Removed 16 stack frames]]>
    </failure>
  </testcase> <!-- @BeforeMethod SetUp -->
  <testcase classname="com.Testcases.MyAccountPageTest" name="@BeforeMethod SetUp" time="0.007">
    <failure type="java.lang.NullPointerException">
      <![CDATA[java.lang.NullPointerException
at BaseClass.ParentClass.initalization(ParentClass.java:55)
at com.Testcases.MyAccountPageTest.SetUp(MyAccountPageTest.java:24)
at java.base/java.util.concurrent.ThreadPoolExecutor.runWorker(ThreadPoolExecutor.java:1128)
at java.base/java.util.concurrent.ThreadPoolExecutor$Worker.run(ThreadPoolExecutor.java:628)
at java.base/java.lang.Thread.run(Thread.java:835)
... Removed 16 stack frames]]>
    </failure>
  </testcase> <!-- @BeforeMethod SetUp -->
  <testcase classname="com.Testcases.SignUpPageTest" name="@BeforeMethod SetUp" time="0.007">
    <failure type="java.lang.NullPointerException">
      <![CDATA[java.lang.NullPointerException
at BaseClass.ParentClass.initalization(ParentClass.java:55)
at com.Testcases.SignUpPageTest.SetUp(SignUpPageTest.java:29)
at java.base/java.util.concurrent.ThreadPoolExecutor.runWorker(ThreadPoolExecutor.java:1128)
at java.base/java.util.concurrent.ThreadPoolExecutor$Worker.run(ThreadPoolExecutor.java:628)
at java.base/java.lang.Thread.run(Thread.java:835)
... Removed 16 stack frames]]>
    </failure>
  </testcase> <!-- @BeforeMethod SetUp -->
  <testcase classname="com.Testcases.MyAccountPageTest" name="@BeforeMethod SetUp" time="0.007">
    <failure type="java.lang.NullPointerException">
      <![CDATA[java.lang.NullPointerException
at BaseClass.ParentClass.initalization(ParentClass.java:55)
at com.Testcases.MyAccountPageTest.SetUp(MyAccountPageTest.java:24)
at java.base/java.util.concurrent.ThreadPoolExecutor.runWorker(ThreadPoolExecutor.java:1128)
at java.base/java.util.concurrent.ThreadPoolExecutor$Worker.run(ThreadPoolExecutor.java:628)
at java.base/java.lang.Thread.run(Thread.java:835)
... Removed 16 stack frames]]>
    </failure>
  </testcase> <!-- @BeforeMethod SetUp -->
  <testcase classname="com.Testcases.SignUpPageTest" name="@BeforeMethod SetUp" time="0.007">
    <failure type="java.lang.NullPointerException">
      <![CDATA[java.lang.NullPointerException
at BaseClass.ParentClass.initalization(ParentClass.java:55)
at com.Testcases.SignUpPageTest.SetUp(SignUpPageTest.java:29)
at java.base/java.util.concurrent.ThreadPoolExecutor.runWorker(ThreadPoolExecutor.java:1128)
at java.base/java.util.concurrent.ThreadPoolExecutor$Worker.run(ThreadPoolExecutor.java:628)
at java.base/java.lang.Thread.run(Thread.java:835)
... Removed 16 stack frames]]>
    </failure>
  </testcase> <!-- @BeforeMethod SetUp -->
  <testcase classname="com.Testcases.MyAccountPageTest" name="@AfterMethod afterMethod" time="-1.569348600265E9">
    <skipped/>
  </testcase> <!-- @AfterMethod afterMethod -->
  <testcase classname="com.Testcases.SignUpPageTest" name="@AfterMethod afterMethod" time="-1.569348600264E9">
    <skipped/>
  </testcase> <!-- @AfterMethod afterMethod -->
  <testcase classname="com.Testcases.SignUpPageTest" name="@AfterMethod afterMethod" time="-1.569348600263E9">
    <skipped/>
  </testcase> <!-- @AfterMethod afterMethod -->
  <testcase classname="com.Testcases.MyAccountPageTest" name="@AfterMethod afterMethod" time="-1.569348600268E9">
    <skipped/>
  </testcase> <!-- @AfterMethod afterMethod -->
  <testcase classname="com.Testcases.SignUpPageTest" name="@AfterMethod afterMethod" time="-1.569348600269E9">
    <skipped/>
  </testcase> <!-- @AfterMethod afterMethod -->
  <testcase classname="com.Testcases.MyAccountPageTest" name="MyAccountPageTitleTest" time="0.0">
    <skipped/>
  </testcase> <!-- MyAccountPageTitleTest -->
  <testcase classname="com.Testcases.SignUpPageTest" name="clickCreateAccountTest" time="0.0">
    <skipped/>
  </testcase> <!-- clickCreateAccountTest -->
  <testcase classname="com.Testcases.SignUpPageTest" name="signUpPageTitleTest" time="0.0">
    <skipped/>
  </testcase> <!-- signUpPageTitleTest -->
  <testcase classname="com.Testcases.MyAccountPageTest" name="signInBtnClickTest" time="0.0">
    <skipped/>
  </testcase> <!-- signInBtnClickTest -->
  <testcase classname="com.Testcases.SignUpPageTest" name="clickLink" time="0.0">
    <skipped/>
  </testcase> <!-- clickLink -->
</testsuite> <!-- Hybrid Framework -->
